0 info it worked if it ends with ok
1 verbose cli [ '/usr/local/bin/node',
1 verbose cli   '/usr/local/bin/npm',
1 verbose cli   'version',
1 verbose cli   'patch' ]
2 info using npm@1.3.25
3 info using node@v0.11.11
4 error Error: Git working directory not clean.
4 error D npm-debug.log
4 error     at /usr/local/lib/node_modules/npm/lib/version.js:98:35
4 error     at ChildProcess.exithandler (child_process.js:694:7)
4 error     at ChildProcess.EventEmitter.emit (events.js:107:17)
4 error     at maybeClose (child_process.js:825:16)
4 error     at Socket.<anonymous> (child_process.js:1042:11)
4 error     at Socket.EventEmitter.emit (events.js:104:17)
4 error     at Pipe.close (net.js:458:12)
5 error If you need help, you may report this *entire* log,
5 error including the npm and node versions, at:
5 error     <http://github.com/isaacs/npm/issues>
6 error System Darwin 13.3.0
7 error command "/usr/local/bin/node" "/usr/local/bin/npm" "version" "patch"
8 error cwd /Users/isaaccohen/npm/npm-curl-noise
9 error node -v v0.11.11
10 error npm -v 1.3.25
11 verbose exit [ 1, true ]
